{"/workspaces/meu-site/utils.js": {"path":"/workspaces/meu-site/utils.js","statementMap":{"0":{"start":{"line":2,"column":4},"end":{"line":2,"column":29}},"1":{"start":{"line":2,"column":16},"end":{"line":2,"column":29}},"2":{"start":{"line":3,"column":4},"end":{"line":3,"column":54}},"3":{"start":{"line":7,"column":4},"end":{"line":9,"column":5}},"4":{"start":{"line":8,"column":8},"end":{"line":8,"column":21}},"5":{"start":{"line":11,"column":4},"end":{"line":11,"column":31}},"6":{"start":{"line":15,"column":4},"end":{"line":15,"column":26}},"7":{"start":{"line":15,"column":16},"end":{"line":15,"column":26}},"8":{"start":{"line":16,"column":4},"end":{"line":16,"column":70}},"9":{"start":{"line":19,"column":0},"end":{"line":23,"column":2}}},"fnMap":{"0":{"name":"validarEmail","decl":{"start":{"line":1,"column":9},"end":{"line":1,"column":21}},"loc":{"start":{"line":1,"column":29},"end":{"line":4,"column":1}},"line":1},"1":{"name":"validarCampoVazio","decl":{"start":{"line":6,"column":9},"end":{"line":6,"column":26}},"loc":{"start":{"line":6,"column":34},"end":{"line":12,"column":1}},"line":6},"2":{"name":"limitarTexto","decl":{"start":{"line":14,"column":9},"end":{"line":14,"column":21}},"loc":{"start":{"line":14,"column":37},"end":{"line":17,"column":1}},"line":14}},"branchMap":{"0":{"loc":{"start":{"line":2,"column":4},"end":{"line":2,"column":29}},"type":"if","locations":[{"start":{"line":2,"column":4},"end":{"line":2,"column":29}},{"start":{},"end":{}}],"line":2},"1":{"loc":{"start":{"line":3,"column":11},"end":{"line":3,"column":53}},"type":"binary-expr","locations":[{"start":{"line":3,"column":11},"end":{"line":3,"column":30}},{"start":{"line":3,"column":34},"end":{"line":3,"column":53}}],"line":3},"2":{"loc":{"start":{"line":7,"column":4},"end":{"line":9,"column":5}},"type":"if","locations":[{"start":{"line":7,"column":4},"end":{"line":9,"column":5}},{"start":{},"end":{}}],"line":7},"3":{"loc":{"start":{"line":15,"column":4},"end":{"line":15,"column":26}},"type":"if","locations":[{"start":{"line":15,"column":4},"end":{"line":15,"column":26}},{"start":{},"end":{}}],"line":15},"4":{"loc":{"start":{"line":16,"column":11},"end":{"line":16,"column":69}},"type":"cond-expr","locations":[{"start":{"line":16,"column":35},"end":{"line":16,"column":61}},{"start":{"line":16,"column":64},"end":{"line":16,"column":69}}],"line":16}},"s":{"0":3,"1":1,"2":2,"3":3,"4":1,"5":2,"6":3,"7":1,"8":2,"9":1},"f":{"0":3,"1":3,"2":3},"b":{"0":[1,2],"1":[2,1],"2":[1,2],"3":[1,2],"4":[1,1]},"_coverageSchema":"1a1c01bbd47fc00a2c39e90264f33305004495a9","hash":"f8da68f1650b116229c151cdbf391dc58dd8ae9b"}
}
